[p.w3layouts.com/demos_new/template_demo/05-06-2017/conjugality-demo_Free/1335634329/web/index.html]
[backblue.gif]
[fade.gif]
[index.html]
[p.w3layouts.com/demos_new/template_demo/05-06-2017/conjugality-demo_Free/1335634329/web/css/bootstrap.css]
[p.w3layouts.com/demos_new/template_demo/05-06-2017/conjugality-demo_Free/1335634329/web/css/style.css]
[ajax.googleapis.com/ajax/libs/jquery/1.10.2/jquery.min.js]
[p.w3layouts.com/demos_new/template_demo/05-06-2017/conjugality-demo_Free/1335634329/web/css/font-awesome.css]
[vdo.ai/core/w3layouts/vdo.ai.js]
[www.google-analytics.com/analytics.js]
[p.w3layouts.com/demos_new/template_demo/05-06-2017/conjugality-demo_Free/1335634329/web/images/bg2.jpg]
[m.servedby-buysellads.com/monetization.js]
[p.w3layouts.com/demos_new/template_demo/05-06-2017/conjugality-demo_Free/1335634329/web/images/ab.jpg]
[p.w3layouts.com/demos_new/template_demo/05-06-2017/conjugality-demo_Free/1335634329/web/images/ne1.jpg]
[p.w3layouts.com/demos_new/template_demo/05-06-2017/conjugality-demo_Free/1335634329/web/images/ne2.jpg]
[p.w3layouts.com/demos_new/template_demo/05-06-2017/conjugality-demo_Free/1335634329/web/images/re1.jpg]
[p.w3layouts.com/demos_new/template_demo/05-06-2017/conjugality-demo_Free/1335634329/web/images/re2.jpg]
[p.w3layouts.com/demos_new/template_demo/05-06-2017/conjugality-demo_Free/1335634329/web/images/t1.jpg]
[p.w3layouts.com/demos_new/template_demo/05-06-2017/conjugality-demo_Free/1335634329/web/images/t2.jpg]
[p.w3layouts.com/demos_new/template_demo/05-06-2017/conjugality-demo_Free/1335634329/web/images/t3.jpg]
[p.w3layouts.com/demos_new/template_demo/05-06-2017/conjugality-demo_Free/1335634329/web/images/t4.jpg]
[p.w3layouts.com/demos_new/template_demo/05-06-2017/conjugality-demo_Free/1335634329/web/images/gg1.jpg]
[p.w3layouts.com/demos_new/template_demo/05-06-2017/conjugality-demo_Free/1335634329/web/images/search.png]
[p.w3layouts.com/demos_new/template_demo/05-06-2017/conjugality-demo_Free/1335634329/web/images/gg2.jpg]
[p.w3layouts.com/demos_new/template_demo/05-06-2017/conjugality-demo_Free/1335634329/web/images/gg7.jpg]
[p.w3layouts.com/demos_new/template_demo/05-06-2017/conjugality-demo_Free/1335634329/web/images/gg4.jpg]
[p.w3layouts.com/demos_new/template_demo/05-06-2017/conjugality-demo_Free/1335634329/web/images/gg5.jpg]
[p.w3layouts.com/demos_new/template_demo/05-06-2017/conjugality-demo_Free/1335634329/web/images/gg8.jpg]
[p.w3layouts.com/demos_new/template_demo/05-06-2017/conjugality-demo_Free/1335634329/web/images/gg9.jpg]
[p.w3layouts.com/demos_new/template_demo/05-06-2017/conjugality-demo_Free/1335634329/web/images/gg6.jpg]
[p.w3layouts.com/demos_new/template_demo/05-06-2017/conjugality-demo_Free/1335634329/web/images/gg3.jpg]
[p.w3layouts.com/demos_new/template_demo/05-06-2017/conjugality-demo_Free/1335634329/web/images/gg10.jpg]
[p.w3layouts.com/demos_new/template_demo/05-06-2017/conjugality-demo_Free/1335634329/web/js/jquery-2.1.4.min.js]
[p.w3layouts.com/demos_new/template_demo/05-06-2017/conjugality-demo_Free/1335634329/web/js/bootstrap.js]
[p.w3layouts.com/demos_new/template_demo/05-06-2017/conjugality-demo_Free/1335634329/web/js/responsiveslides.min.js]
[p.w3layouts.com/demos_new/template_demo/05-06-2017/conjugality-demo_Free/1335634329/web/js/move-top.js]
[p.w3layouts.com/demos_new/template_demo/05-06-2017/conjugality-demo_Free/1335634329/web/index.html]
[p.w3layouts.com/demos_new/template_demo/05-06-2017/conjugality-demo_Free/1335634329/web/js/easing.js]
[p.w3layouts.com/demos_new/template_demo/05-06-2017/conjugality-demo_Free/1335634329/web/fonts/glyphicons-halflings-regular.eot]
[p.w3layouts.com/demos_new/template_demo/05-06-2017/conjugality-demo_Free/1335634329/web/fonts/glyphicons-halflings-regulard41d.eot]
[p.w3layouts.com/demos_new/template_demo/05-06-2017/conjugality-demo_Free/1335634329/web/fonts/glyphicons-halflings-regular.woff2]
[p.w3layouts.com/demos_new/template_demo/05-06-2017/conjugality-demo_Free/1335634329/web/fonts/glyphicons-halflings-regular.woff]
[p.w3layouts.com/demos_new/template_demo/05-06-2017/conjugality-demo_Free/1335634329/web/fonts/glyphicons-halflings-regular.ttf]
[p.w3layouts.com/demos_new/template_demo/05-06-2017/conjugality-demo_Free/1335634329/web/fonts/glyphicons-halflings-regular.svg]
[p.w3layouts.com/demos_new/template_demo/05-06-2017/conjugality-demo_Free/1335634329/web/css/bootstrap.css]
[p.w3layouts.com/demos_new/template_demo/05-06-2017/conjugality-demo_Free/1335634329/web/images/bg1.jpg]
[p.w3layouts.com/demos_new/template_demo/05-06-2017/conjugality-demo_Free/1335634329/web/images/overlay.png]
[p.w3layouts.com/demos_new/template_demo/05-06-2017/conjugality-demo_Free/1335634329/web/images/left.png]
[p.w3layouts.com/demos_new/template_demo/05-06-2017/conjugality-demo_Free/1335634329/web/images/right.png]
[p.w3layouts.com/demos_new/template_demo/05-06-2017/conjugality-demo_Free/1335634329/web/images/ser-bg.jpg]
[p.w3layouts.com/demos_new/template_demo/05-06-2017/conjugality-demo_Free/1335634329/web/images/tem-bg.jpg]
[p.w3layouts.com/demos_new/template_demo/05-06-2017/conjugality-demo_Free/1335634329/web/images/next.png]
[p.w3layouts.com/demos_new/template_demo/05-06-2017/conjugality-demo_Free/1335634329/web/images/back.png]
[p.w3layouts.com/demos_new/template_demo/05-06-2017/conjugality-demo_Free/1335634329/web/images/bgn.jpg]
[p.w3layouts.com/demos_new/template_demo/05-06-2017/conjugality-demo_Free/1335634329/web/images/up.png]
[p.w3layouts.com/demos_new/template_demo/05-06-2017/conjugality-demo_Free/1335634329/web/css/style.css]
[p.w3layouts.com/demos_new/template_demo/05-06-2017/conjugality-demo_Free/1335634329/web/fonts/fontawesome-webfont5b62.eot]
[p.w3layouts.com/demos_new/template_demo/05-06-2017/conjugality-demo_Free/1335634329/web/fonts/fontawesome-webfontd41d.eot]
[p.w3layouts.com/demos_new/template_demo/05-06-2017/conjugality-demo_Free/1335634329/web/fonts/fontawesome-webfont5b62.woff2]
[p.w3layouts.com/demos_new/template_demo/05-06-2017/conjugality-demo_Free/1335634329/web/fonts/fontawesome-webfont5b62.woff]
[p.w3layouts.com/demos_new/template_demo/05-06-2017/conjugality-demo_Free/1335634329/web/fonts/fontawesome-webfont5b62.ttf]
[p.w3layouts.com/demos_new/template_demo/05-06-2017/conjugality-demo_Free/1335634329/web/css/font-awesome.css]
[p.w3layouts.com/demos_new/template_demo/05-06-2017/conjugality-demo_Free/1335634329/web/fonts/glyphicons-halflings-regular.html]
[p.w3layouts.com/demos_new/template_demo/05-06-2017/conjugality-demo_Free/1335634329/web/fonts/glyphicons-halflings-regulard41d.html]
[p.w3layouts.com/demos_new/template_demo/05-06-2017/conjugality-demo_Free/1335634329/web/fonts/glyphicons-halflings-regular-2.html]
[p.w3layouts.com/demos_new/template_demo/05-06-2017/conjugality-demo_Free/1335634329/web/fonts/glyphicons-halflings-regular-3.html]
[p.w3layouts.com/demos_new/template_demo/05-06-2017/conjugality-demo_Free/1335634329/web/images/left.html]
[p.w3layouts.com/demos_new/template_demo/05-06-2017/conjugality-demo_Free/1335634329/web/images/right.html]
[p.w3layouts.com/demos_new/template_demo/05-06-2017/conjugality-demo_Free/1335634329/web/images/next.html]
[p.w3layouts.com/demos_new/template_demo/05-06-2017/conjugality-demo_Free/1335634329/web/images/back.html]
[p.w3layouts.com/demos_new/template_demo/05-06-2017/conjugality-demo_Free/1335634329/web/fonts/fontawesome-webfont5b62.svg]
[p.w3layouts.com/demos_new/template_demo/05-06-2017/conjugality-demo_Free/1335634329/web/fonts/fontawesome-webfont5b62.svg]
